#
# There is insufficient memory for the Java Runtime Environment to continue.
# Native memory allocation (mmap) failed to map 268435456 bytes for G1 virtual space
# Possible reasons:
#   The system is out of physical RAM or swap space
#   The process is running with CompressedOops enabled, and the Java Heap may be blocking the growth of the native heap
# Possible solutions:
#   Reduce memory load on the system
#   Increase physical memory or swap space
#   Check if swap backing store is full
#   Decrease Java heap size (-Xmx/-Xms)
#   Decrease number of Java threads
#   Decrease Java thread stack sizes (-Xss)
#   Set larger code cache with -XX:ReservedCodeCacheSize=
#   JVM is running with Zero Based Compressed Oops mode in which the Java heap is
#     placed in the first 32GB address space. The Java Heap base address is the
#     maximum limit for the native heap growth. Please use -XX:HeapBaseMinAddress
#     to set the Java Heap base and to place the Java Heap above 32GB virtual address.
# This output file may be truncated or incomplete.
#
#  Out of Memory Error (os_windows.cpp:3469), pid=8540, tid=83504
#
# JRE version:  (17.0.1+12) (build )
# Java VM: OpenJDK 64-Bit Server VM (17.0.1+12, mixed mode, sharing, tiered, compressed oops, compressed class ptrs, g1 gc, windows-amd64)
# No core dump will be written. Minidumps are not enabled by default on client versions of Windows
#

---------------  S U M M A R Y ------------

Command Line: --module-path=C:\JavaFx\javafx-sdk-19.0.2.1\lib --add-modules=javafx.controls,javafx.fxml -Dfile.encoding=windows-1252 --module-path=C:\Users\codyh\.p2\pool\plugins\org.eclipse.fx.ide.css.jfx8_3.8.0.202204150904.jar;C:\JavaFx\javafx-sdk-19.0.2.1\lib\javafx.base.jar;C:\JavaFx\javafx-sdk-19.0.2.1\lib\javafx.controls.jar;C:\JavaFx\javafx-sdk-19.0.2.1\lib\javafx.fxml.jar;C:\JavaFx\javafx-sdk-19.0.2.1\lib\javafx.graphics.jar;C:\JavaFx\javafx-sdk-19.0.2.1\lib\javafx.media.jar;C:\JavaFx\javafx-sdk-19.0.2.1\lib\javafx.swing.jar;C:\JavaFx\javafx-sdk-19.0.2.1\lib\javafx.web.jar;C:\JavaFx\javafx-sdk-19.0.2.1\lib\javafx-swt.jar -XX:+ShowCodeDetailsInExceptionMessages application.GameMenu

Host: AMD Ryzen 5 3600 6-Core Processor              , 12 cores, 15G,  Windows 10 , 64 bit Build 19041 (10.0.19041.2364)
Time: Mon Mar 20 13:59:23 2023 Eastern Daylight Time elapsed time: 0.007873 seconds (0d 0h 0m 0s)

---------------  T H R E A D  ---------------

Current thread (0x000001b1b6a2e110):  JavaThread "Unknown thread" [_thread_in_vm, id=83504, stack(0x000000933c000000,0x000000933c100000)]

Stack: [0x000000933c000000,0x000000933c100000]
Native frames: (J=compiled Java code, j=interpreted, Vv=VM code, C=native code)
V  [jvm.dll+0x6744da]
V  [jvm.dll+0x82e144]
V  [jvm.dll+0x82f8ee]
V  [jvm.dll+0x82ff53]
V  [jvm.dll+0x245175]
V  [jvm.dll+0x6714c9]
V  [jvm.dll+0x665f92]
V  [jvm.dll+0x303c3b]
V  [jvm.dll+0x30b176]
V  [jvm.dll+0x35af1e]
V  [jvm.dll+0x35b14f]
V  [jvm.dll+0x2dab78]
V  [jvm.dll+0x2dbae4]
V  [jvm.dll+0x7ffdf1]
V  [jvm.dll+0x368c91]
V  [jvm.dll+0x7df2cc]
V  [jvm.dll+0x3eb59f]
V  [jvm.dll+0x3ed121]
C  [jli.dll+0x5277]
C  [ucrtbase.dll+0x21bb2]
C  [KERNEL32.DLL+0x17614]
C  [ntdll.dll+0x526a1]


---------------  P R O C E S S  ---------------

Threads class SMR info:
_java_thread_list=0x00007ffd8e3f4e58, length=0, elements={
}

Java Threads: ( => current thread )

Other Threads:
  0x000001b1b6bff170 GCTaskThread "GC Thread#0" [stack: 0x000000933c100000,0x000000933c200000] [id=115184]
  0x000001b1b6c11760 ConcurrentGCThread "G1 Main Marker" [stack: 0x000000933c200000,0x000000933c300000] [id=158416]
  0x000001b1b6c12170 ConcurrentGCThread "G1 Conc#0" [stack: 0x000000933c300000,0x000000933c400000] [id=153836]

[error occurred during error reporting (printing all threads), id 0xc0000005, EXCEPTION_ACCESS_VIOLATION (0xc0000005) at pc=0x00007ffd8dbcb5f7]

VM state: not at safepoint (not fully initialized)

VM Mutex/Monitor currently owned by a thread:  ([mutex/lock_event])
[0x000001b1b6bacc30] Heap_lock - owner thread: 0x000001b1b6a2e110

Heap address: 0x0000000701000000, size: 4080 MB, Compressed Oops mode: Zero based, Oop shift amount: 3

CDS archive(s) mapped at: [0x0000000000000000-0x0000000000000000-0x0000000000000000), size 0, SharedBaseAddress: 0x0000000800000000, ArchiveRelocationMode: 0.
Narrow klass base: 0x0000000000000000, Narrow klass shift: 0, Narrow klass range: 0x0

GC Precious Log:
<Empty>

Heap:
 garbage-first heap   total 0K, used 0K [0x0000000701000000, 0x0000000800000000)
  region size 2048K, 0 young (0K), 0 survivors (0K)

[error occurred during error reporting (printing heap information), id 0xc0000005, EXCEPTION_ACCESS_VIOLATION (0xc0000005) at pc=0x00007ffd8dfad729]

GC Heap History (0 events):
No events

Deoptimization events (0 events):
No events

Classes unloaded (0 events):
No events

Classes redefined (0 events):
No events

Internal exceptions (0 events):
No events

VM Operations (0 events):
No events

Events (1 events):
Event: 0.005 Loaded shared library C:\Users\codyh\.p2\pool\plugins\org.eclipse.justj.openjdk.hotspot.jre.full.win32.x86_64_17.0.1.v20211116-1657\jre\bin\java.dll


Dynamic libraries:
0x00007ff6c3a80000 - 0x00007ff6c3a8e000 	C:\Users\codyh\.p2\pool\plugins\org.eclipse.justj.openjdk.hotspot.jre.full.win32.x86_64_17.0.1.v20211116-1657\jre\bin\javaw.exe
0x00007ffe07a70000 - 0x00007ffe07c68000 	C:\WINDOWS\SYSTEM32\ntdll.dll
0x00007ffe07540000 - 0x00007ffe075ff000 	C:\WINDOWS\System32\KERNEL32.DLL
0x00007ffe053b0000 - 0x00007ffe05682000 	C:\WINDOWS\System32\KERNELBASE.dll
0x00007ffe05690000 - 0x00007ffe05790000 	C:\WINDOWS\System32\ucrtbase.dll
0x00007ffdf1f00000 - 0x00007ffdf1f18000 	C:\Users\codyh\.p2\pool\plugins\org.eclipse.justj.openjdk.hotspot.jre.full.win32.x86_64_17.0.1.v20211116-1657\jre\bin\jli.dll
0x00007ffdf1ee0000 - 0x00007ffdf1ef9000 	C:\Users\codyh\.p2\pool\plugins\org.eclipse.justj.openjdk.hotspot.jre.full.win32.x86_64_17.0.1.v20211116-1657\jre\bin\VCRUNTIME140.dll
0x00007ffe07670000 - 0x00007ffe07811000 	C:\WINDOWS\System32\USER32.dll
0x00007ffe051b0000 - 0x00007ffe051d2000 	C:\WINDOWS\System32\win32u.dll
0x00007ffdf3500000 - 0x00007ffdf379a000 	C:\WINDOWS\WinSxS\amd64_microsoft.windows.common-controls_6595b64144ccf1df_6.0.19041.1110_none_60b5254171f9507e\COMCTL32.dll
0x00007ffe07510000 - 0x00007ffe0753b000 	C:\WINDOWS\System32\GDI32.dll
0x00007ffe05ab0000 - 0x00007ffe05b4e000 	C:\WINDOWS\System32\msvcrt.dll
0x00007ffe05970000 - 0x00007ffe05a7f000 	C:\WINDOWS\System32\gdi32full.dll
0x00007ffe05790000 - 0x00007ffe0582d000 	C:\WINDOWS\System32\msvcp_win.dll
0x00007ffe06370000 - 0x00007ffe063a2000 	C:\WINDOWS\System32\IMM32.DLL
0x00007ffe00e50000 - 0x00007ffe00e5c000 	C:\Users\codyh\.p2\pool\plugins\org.eclipse.justj.openjdk.hotspot.jre.full.win32.x86_64_17.0.1.v20211116-1657\jre\bin\vcruntime140_1.dll
0x00007ffdd9fe0000 - 0x00007ffdda071000 	C:\Users\codyh\.p2\pool\plugins\org.eclipse.justj.openjdk.hotspot.jre.full.win32.x86_64_17.0.1.v20211116-1657\jre\bin\msvcp140.dll
0x00007ffd8d8e0000 - 0x00007ffd8e526000 	C:\Users\codyh\.p2\pool\plugins\org.eclipse.justj.openjdk.hotspot.jre.full.win32.x86_64_17.0.1.v20211116-1657\jre\bin\server\jvm.dll
0x00007ffe06da0000 - 0x00007ffe06e4e000 	C:\WINDOWS\System32\ADVAPI32.dll
0x00007ffe05d50000 - 0x00007ffe05dec000 	C:\WINDOWS\System32\sechost.dll
0x00007ffe06150000 - 0x00007ffe06275000 	C:\WINDOWS\System32\RPCRT4.dll
0x00007ffe078d0000 - 0x00007ffe078d8000 	C:\WINDOWS\System32\PSAPI.DLL
0x00007ffdf7860000 - 0x00007ffdf7887000 	C:\WINDOWS\SYSTEM32\WINMM.dll
0x00007ffdf01c0000 - 0x00007ffdf01c9000 	C:\WINDOWS\SYSTEM32\WSOCK32.dll
0x00007ffdffc50000 - 0x00007ffdffc5a000 	C:\WINDOWS\SYSTEM32\VERSION.dll
0x00007ffe07600000 - 0x00007ffe0766b000 	C:\WINDOWS\System32\WS2_32.dll
0x00007ffe03030000 - 0x00007ffe03042000 	C:\WINDOWS\SYSTEM32\kernel.appcore.dll
0x00007ffe00e00000 - 0x00007ffe00e0a000 	C:\Users\codyh\.p2\pool\plugins\org.eclipse.justj.openjdk.hotspot.jre.full.win32.x86_64_17.0.1.v20211116-1657\jre\bin\jimage.dll
0x00007ffdf49d0000 - 0x00007ffdf4bb4000 	C:\WINDOWS\SYSTEM32\DBGHELP.DLL
0x00007ffdee5b0000 - 0x00007ffdee5e5000 	C:\WINDOWS\SYSTEM32\dbgcore.DLL
0x00007ffe05830000 - 0x00007ffe058b2000 	C:\WINDOWS\System32\bcryptPrimitives.dll
0x00007ffdf16f0000 - 0x00007ffdf1715000 	C:\Users\codyh\.p2\pool\plugins\org.eclipse.justj.openjdk.hotspot.jre.full.win32.x86_64_17.0.1.v20211116-1657\jre\bin\java.dll

dbghelp: loaded successfully - version: 4.0.5 - missing functions: none
symbol engine: initialized successfully - sym options: 0x614 - pdb path: .;C:\Users\codyh\.p2\pool\plugins\org.eclipse.justj.openjdk.hotspot.jre.full.win32.x86_64_17.0.1.v20211116-1657\jre\bin;C:\WINDOWS\SYSTEM32;C:\WINDOWS\WinSxS\amd64_microsoft.windows.common-controls_6595b64144ccf1df_6.0.19041.1110_none_60b5254171f9507e;C:\Users\codyh\.p2\pool\plugins\org.eclipse.justj.openjdk.hotspot.jre.full.win32.x86_64_17.0.1.v20211116-1657\jre\bin\server

VM Arguments:
jvm_args: --module-path=C:\JavaFx\javafx-sdk-19.0.2.1\lib --add-modules=javafx.controls,javafx.fxml -Dfile.encoding=windows-1252 --module-path=C:\Users\codyh\.p2\pool\plugins\org.eclipse.fx.ide.css.jfx8_3.8.0.202204150904.jar;C:\JavaFx\javafx-sdk-19.0.2.1\lib\javafx.base.jar;C:\JavaFx\javafx-sdk-19.0.2.1\lib\javafx.controls.jar;C:\JavaFx\javafx-sdk-19.0.2.1\lib\javafx.fxml.jar;C:\JavaFx\javafx-sdk-19.0.2.1\lib\javafx.graphics.jar;C:\JavaFx\javafx-sdk-19.0.2.1\lib\javafx.media.jar;C:\JavaFx\javafx-sdk-19.0.2.1\lib\javafx.swing.jar;C:\JavaFx\javafx-sdk-19.0.2.1\lib\javafx.web.jar;C:\JavaFx\javafx-sdk-19.0.2.1\lib\javafx-swt.jar -XX:+ShowCodeDetailsInExceptionMessages 
java_command: application.GameMenu
java_class_path (initial): C:\Users\codyh\git\solitaire-game\Solitaire\bin
Launcher Type: SUN_STANDARD

[Global flags]
     intx CICompilerCount                          = 4                                         {product} {ergonomic}
     uint ConcGCThreads                            = 3                                         {product} {ergonomic}
     uint G1ConcRefinementThreads                  = 10                                        {product} {ergonomic}
   size_t G1HeapRegionSize                         = 2097152                                   {product} {ergonomic}
    uintx GCDrainStackTargetSize                   = 64                                        {product} {ergonomic}
   size_t InitialHeapSize                          = 268435456                                 {product} {ergonomic}
   size_t MarkStackSize                            = 4194304                                   {product} {ergonomic}
   size_t MaxHeapSize                              = 4278190080                                {product} {ergonomic}
   size_t MinHeapDeltaBytes                        = 2097152                                   {product} {ergonomic}
   size_t MinHeapSize                              = 8388608                                   {product} {ergonomic}
    uintx NonNMethodCodeHeapSize                   = 5839372                                {pd product} {ergonomic}
    uintx NonProfiledCodeHeapSize                  = 122909434                              {pd product} {ergonomic}
    uintx ProfiledCodeHeapSize                     = 122909434                              {pd product} {ergonomic}
    uintx ReservedCodeCacheSize                    = 251658240                              {pd product} {ergonomic}
     bool SegmentedCodeCache                       = true                                      {product} {ergonomic}
     bool ShowCodeDetailsInExceptionMessages       = true                                   {manageable} {command line}
   size_t SoftMaxHeapSize                          = 4278190080                             {manageable} {ergonomic}
     bool UseCompressedClassPointers               = true                           {product lp64_product} {ergonomic}
     bool UseCompressedOops                        = true                           {product lp64_product} {ergonomic}
     bool UseG1GC                                  = true                                      {product} {ergonomic}
     bool UseLargePagesIndividualAllocation        = false                                  {pd product} {ergonomic}

Logging:
Log output configuration:
 #0: stdout all=warning uptime,level,tags
 #1: stderr all=off uptime,level,tags

Environment Variables:
PATH=C:/Users/codyh/.p2/pool/plugins/org.eclipse.justj.openjdk.hotspot.jre.full.win32.x86_64_17.0.5.v20221102-0933/jre/bin/server;C:/Users/codyh/.p2/pool/plugins/org.eclipse.justj.openjdk.hotspot.jre.full.win32.x86_64_17.0.5.v20221102-0933/jre/bin;c:\oracleinstall\bin;C:\Program Files\Oculus\Support\oculus-runtime;C:\app\oracle\dbhomeXE\bin;C:\WINDOWS\system32;C:\WINDOWS;C:\WINDOWS\System32\Wbem;C:\WINDOWS\System32\WindowsPowerShell\v1.0\;C:\WINDOWS\System32\OpenSSH\;C:\Program Files (x86)\NVIDIA Corporation\PhysX\Common;C:\Program Files (x86)\Git\cmd;C:\Program Files (x86)\Microsoft SQL Server\150\DTS\Binn\;C:\Program Files\Azure Data Studio\bin;C:\Program Files\Microsoft SQL Server\Client SDK\ODBC\170\Tools\Binn\;C:\Program Files (x86)\Microsoft SQL Server\150\Tools\Binn\;C:\Program Files\Microsoft SQL Server\150\Tools\Binn\;C:\Program Files\Microsoft SQL Server\150\DTS\Binn\;C:\Users\codyh\AppData\Local\Microsoft\WindowsApps;C:\app\codyh\product\21.0.0\dbhomeXE\bin;C:\Program Files\Azure Data Studio\bin;C:\Users\codyh\AppData\Local\Programs\Microsoft VS Code\bin;C:\php;;C:\Users\codyh\Desktop;
USERNAME=codyh
OS=Windows_NT
PROCESSOR_IDENTIFIER=AMD64 Family 23 Model 113 Stepping 0, AuthenticAMD



---------------  S Y S T E M  ---------------

OS:
 Windows 10 , 64 bit Build 19041 (10.0.19041.2364)
OS uptime: 43 days 0:36 hours

CPU: total 12 (initial active 12) (12 cores per cpu, 2 threads per core) family 23 model 113 stepping 0 microcode 0x0, cx8, cmov, fxsr, ht, mmx, 3dnowpref, sse, sse2, sse3, ssse3, sse4a, sse4.1, sse4.2, popcnt, lzcnt, tsc, tscinvbit, avx, avx2, aes, clmul, bmi1, bmi2, adx, sha, fma, vzeroupper, clflush, clflushopt

Memory: 4k page, system-wide physical 16315M (1246M free)
TotalPageFile size 65467M (AvailPageFile size 137M)
current process WorkingSet (physical memory assigned to process): 10M, peak: 10M
current process commit charge ("private bytes"): 64M, peak: 320M

vm_info: OpenJDK 64-Bit Server VM (17.0.1+12) for windows-amd64 JRE (17.0.1+12), built on Oct 20 2021 07:42:55 by "" with MS VC++ 16.7 (VS2019)

END.
